d1 00 0d
10 00 01 00 00
14 00 89 00 00 01 80
54 06 02 4a 0f 06 06 19
14 00 aa 00 00 01 80
11 01 00 00 00
14 00 04 00 00 01 80
54 06 02 4a 1e 06 06 19
12 00 00 10 00 00 00
14 00 9b 00 00 01 80
d1 00 04
14 00 01 00 00 01 80
d1 00 03
14 00 01 00 00 01 80
d1 00 02
14 00 01 00 00 01 80
d1 00 01
14 00 01 00 00 01 80
d1 00 11
11 00 00 00 00
12 00 10 00 00 00 00
10 00 01 c2 00 00
14 00 15 00 00 00 80
15 00 00 00 00 03
12 00 00 00 00 00 00
10 00 01 c3 00 00
54 06 02 4a 2d 06 06 19
12 00 02 00 00 00 00
10 00 01 c2 00 00
12 00 12 00 00 00 00
