# Arm and disarm
d1 00 0d                -> Arm key pressed
11 00 01 00 00          -> Arming
14 00 89 00 00 01 80    -> Intermitent Beeping
14 00 aa 00 00 01 80    -> Beep faster
11 01 00 00 00          -> Armed
14 00 04 00 00 01 80    
54 06 02 40 0f 06 06 19
12 00 00 10 00 00 00
14 00 9b 00 00 01 80
54 06 02 40 1e 06 06 19
d1 00 04
14 00 01 00 00 01 80
12 00 00 14 00 00 00
14 00 9b 00 00 01 80
d1 00 03
14 00 01 00 00 01 80
14 00 aa 00 00 01 80
d1 00 02
14 00 01 00 00 01 80
d1 00 01
14 00 01 00 00 01 80
d1 00 11
11 00 00 00 00          -> Disarmed
12 00 00 00 00 00 00
14 00 15 00 00 00 80
15 00 00 00 00 03
12 00 10 00 00 00 00
10 00 01 c2 00 00
