# Zones activation while disarmed
54 05 05 4b 0f 05 06 19
12 00 10 00 00 00 00    -> zone 1 active
10 00 01 c2 00 00       -> not ready
12 00 12 00 00 00 00    -> zone 2 + 5 active
12 00 02 00 00 00 00    -> zone 2 active
12 00 00 00 00 00 00    -> no zones active
10 00 01 c3 00 00       -> ready
12 00 01 00 00 00 00
10 00 01 c2 00 00
12 00 00 00 00 00 00
10 00 01 c3 00 00
15 00 00 00 00 03
12 00 01 00 00 00 00
10 00 01 c2 00 00
54 05 05 4b 1e 05 06 19
12 00 00 00 00 00 00
10 00 01 c3 00 00
12 00 02 00 00 00 00
10 00 01 c2 00 00
12 00 00 00 00 00 00
10 00 01 c3 00 00
12 00 02 00 00 00 00
10 00 01 c2 00 00
12 00 00 00 00 00 00
10 00 01 c3 00 00
12 00 02 00 00 00 00
10 00 01 c2 00 00
12 00 12 00 00 00 00
12 00 16 00 00 00 00
12 00 14 00 00 00 00
12 00 04 00 00 00 00
12 00 06 00 00 00 00
12 00 02 00 00 00 00
12 00 00 00 00 00 00
10 00 01 c3 00 00
54 05 05 4b 2d 05 06 19
12 00 02 00 00 00 00
10 00 01 c2 00 00
12 00 00 00 00 00 00
10 00 01 c3 00 00
12 00 10 00 00 00 00
10 00 01 c2 00 00
12 00 14 00 00 00 00
12 00 04 00 00 00 00
12 00 00 00 00 00 00
10 00 01 c3 00 00
12 00 04 00 00 00 00
10 00 01 c2 00 00
12 00 00 00 00 00 00
10 00 01 c3 00 00
12 00 10 00 00 00 00
10 00 01 c2 00 00
54 05 05 4c 00 05 06 19
12 00 00 00 00 00 00
10 00 01 c3 00 00
12 00 10 00 00 00 00
10 00 01 c2 00 00
12 00 00 00 00 00 00
10 00 01 c3 00 00
